2016-04-02 09:36:48
Full thread dump Java HotSpot(TM) 64-Bit Server VM (24.79-b02 mixed mode):

"Attach Listener" daemon prio=5 tid=0x00007f9fd2811000 nid=0x3507 waiting on condition [0x0000000000000000]
   java.lang.Thread.State: RUNNABLE

"DestroyJavaVM" prio=5 tid=0x00007f9fd40c7000 nid=0x1703 waiting on condition [0x0000000000000000]
   java.lang.Thread.State: RUNNABLE

"testBusyThread" prio=5 tid=0x00007f9fd40c6000 nid=0x4e03 runnable [0x00007000011cc000]
   java.lang.Thread.State: RUNNABLE
	at deepInJvm.toolTest.MonitorThreadBusyTest$1.run(MonitorThreadBusyTest.java:16)
	at java.lang.Thread.run(Thread.java:745)

"Monitor Ctrl-Break" daemon prio=5 tid=0x00007f9fd2812000 nid=0x4c03 runnable [0x00007000010c9000]
   java.lang.Thread.State: RUNNABLE
	at java.net.PlainSocketImpl.socketAccept(Native Method)
	at java.net.AbstractPlainSocketImpl.accept(AbstractPlainSocketImpl.java:398)
	at java.net.ServerSocket.implAccept(ServerSocket.java:530)
	at java.net.ServerSocket.accept(ServerSocket.java:498)
	at com.intellij.rt.execution.application.AppMain$1.run(AppMain.java:90)
	at java.lang.Thread.run(Thread.java:745)

"Service Thread" daemon prio=5 tid=0x00007f9fd2817000 nid=0x4803 runnable [0x0000000000000000]
   java.lang.Thread.State: RUNNABLE

"C2 CompilerThread1" daemon prio=5 tid=0x00007f9fd2816000 nid=0x4603 waiting on condition [0x0000000000000000]
   java.lang.Thread.State: RUNNABLE

"C2 CompilerThread0" daemon prio=5 tid=0x00007f9fd3094000 nid=0x4403 waiting on condition [0x0000000000000000]
   java.lang.Thread.State: RUNNABLE

"Signal Dispatcher" daemon prio=5 tid=0x00007f9fd3093800 nid=0x4113 runnable [0x0000000000000000]
   java.lang.Thread.State: RUNNABLE

"Finalizer" daemon prio=5 tid=0x00007f9fd4005000 nid=0x3003 in Object.wait() [0x000070000092e000]
   java.lang.Thread.State: WAITING (on object monitor)
	at java.lang.Object.wait(Native Method)
	- waiting on <0x00000007d5504858> (a java.lang.ref.ReferenceQueue$Lock)
	at java.lang.ref.ReferenceQueue.remove(ReferenceQueue.java:135)
	- locked <0x00000007d5504858> (a java.lang.ref.ReferenceQueue$Lock)
	at java.lang.ref.ReferenceQueue.remove(ReferenceQueue.java:151)
	at java.lang.ref.Finalizer$FinalizerThread.run(Finalizer.java:209)

"Reference Handler" daemon prio=5 tid=0x00007f9fd304f800 nid=0x2e03 in Object.wait() [0x000070000082b000]
   java.lang.Thread.State: WAITING (on object monitor)
	at java.lang.Object.wait(Native Method)
	- waiting on <0x00000007d5504470> (a java.lang.ref.Reference$Lock)
	at java.lang.Object.wait(Object.java:503)
	at java.lang.ref.Reference$ReferenceHandler.run(Reference.java:133)
	- locked <0x00000007d5504470> (a java.lang.ref.Reference$Lock)

"VM Thread" prio=5 tid=0x00007f9fd304d000 nid=0x2c03 runnable 

"GC task thread#0 (ParallelGC)" prio=5 tid=0x00007f9fd3014800 nid=0x2403 runnable 

"GC task thread#1 (ParallelGC)" prio=5 tid=0x00007f9fd3015000 nid=0x2603 runnable 

"GC task thread#2 (ParallelGC)" prio=5 tid=0x00007f9fd3016000 nid=0x2803 runnable 

"GC task thread#3 (ParallelGC)" prio=5 tid=0x00007f9fd3016800 nid=0x2a03 runnable 

"VM Periodic Task Thread" prio=5 tid=0x00007f9fd4021800 nid=0x4a03 waiting on condition 

JNI global references: 128

